<?xml version="1.0" encoding="UTF-8"?>
<testsuite xmlns:xsi="http://www.w3.org/2001/XMLSchema-instance" xsi:noNamespaceSchemaLocation="https://maven.apache.org/surefire/maven-surefire-plugin/xsd/surefire-test-report.xsd" name="ParserTest" time="0.14" tests="48" errors="0" skipped="0" failures="0">
  <properties>
    <property name="gopherProxySet" value="false"/>
    <property name="awt.toolkit" value="sun.lwawt.macosx.LWCToolkit"/>
    <property name="file.encoding.pkg" value="sun.io"/>
    <property name="java.specification.version" value="1.8"/>
    <property name="sun.cpu.isalist" value=""/>
    <property name="sun.jnu.encoding" value="UTF-8"/>
    <property name="java.class.path" value="/Users/Hxshim/Repositories/Applications/Deliveroo/target/test-classes:/Users/Hxshim/Repositories/Applications/Deliveroo/target/classes:/Users/Hxshim/.m2/repository/junit/junit/3.8.2/junit-3.8.2.jar:/Users/Hxshim/.m2/repository/org/junit/jupiter/junit-jupiter-api/5.5.0-RC1/junit-jupiter-api-5.5.0-RC1.jar:/Users/Hxshim/.m2/repository/org/apiguardian/apiguardian-api/1.1.0/apiguardian-api-1.1.0.jar:/Users/Hxshim/.m2/repository/org/opentest4j/opentest4j/1.2.0/opentest4j-1.2.0.jar:/Users/Hxshim/.m2/repository/org/junit/platform/junit-platform-commons/1.5.0-RC1/junit-platform-commons-1.5.0-RC1.jar:"/>
    <property name="java.vm.vendor" value="Oracle Corporation"/>
    <property name="sun.arch.data.model" value="64"/>
    <property name="java.vendor.url" value="http://java.oracle.com/"/>
    <property name="user.timezone" value=""/>
    <property name="java.vm.specification.version" value="1.8"/>
    <property name="os.name" value="Mac OS X"/>
    <property name="user.country" value="GB"/>
    <property name="sun.java.launcher" value="SUN_STANDARD"/>
    <property name="sun.boot.library.path" value="/Library/Java/JavaVirtualMachines/jdk1.8.0_65.jdk/Contents/Home/jre/lib"/>
    <property name="sun.java.command" value="/Users/Hxshim/Repositories/Applications/Deliveroo/target/surefire/surefirebooter35741270640066524.jar /Users/Hxshim/Repositories/Applications/Deliveroo/target/surefire 2019-06-13T02-07-21_118-jvmRun1 surefire2941214286247197600tmp surefire_03272560609846127284tmp"/>
    <property name="http.nonProxyHosts" value="local|*.local|169.254/16|*.169.254/16"/>
    <property name="surefire.test.class.path" value="/Users/Hxshim/Repositories/Applications/Deliveroo/target/test-classes:/Users/Hxshim/Repositories/Applications/Deliveroo/target/classes:/Users/Hxshim/.m2/repository/junit/junit/3.8.2/junit-3.8.2.jar:/Users/Hxshim/.m2/repository/org/junit/jupiter/junit-jupiter-api/5.5.0-RC1/junit-jupiter-api-5.5.0-RC1.jar:/Users/Hxshim/.m2/repository/org/apiguardian/apiguardian-api/1.1.0/apiguardian-api-1.1.0.jar:/Users/Hxshim/.m2/repository/org/opentest4j/opentest4j/1.2.0/opentest4j-1.2.0.jar:/Users/Hxshim/.m2/repository/org/junit/platform/junit-platform-commons/1.5.0-RC1/junit-platform-commons-1.5.0-RC1.jar:"/>
    <property name="sun.cpu.endian" value="little"/>
    <property name="user.home" value="/Users/Hxshim"/>
    <property name="user.language" value="en"/>
    <property name="java.specification.vendor" value="Oracle Corporation"/>
    <property name="java.home" value="/Library/Java/JavaVirtualMachines/jdk1.8.0_65.jdk/Contents/Home/jre"/>
    <property name="basedir" value="/Users/Hxshim/Repositories/Applications/Deliveroo"/>
    <property name="file.separator" value="/"/>
    <property name="line.separator" value="&#10;"/>
    <property name="java.vm.specification.vendor" value="Oracle Corporation"/>
    <property name="java.specification.name" value="Java Platform API Specification"/>
    <property name="java.awt.graphicsenv" value="sun.awt.CGraphicsEnvironment"/>
    <property name="surefire.real.class.path" value="/Users/Hxshim/Repositories/Applications/Deliveroo/target/surefire/surefirebooter35741270640066524.jar"/>
    <property name="sun.boot.class.path" value="/Library/Java/JavaVirtualMachines/jdk1.8.0_65.jdk/Contents/Home/jre/lib/resources.jar:/Library/Java/JavaVirtualMachines/jdk1.8.0_65.jdk/Contents/Home/jre/lib/rt.jar:/Library/Java/JavaVirtualMachines/jdk1.8.0_65.jdk/Contents/Home/jre/lib/sunrsasign.jar:/Library/Java/JavaVirtualMachines/jdk1.8.0_65.jdk/Contents/Home/jre/lib/jsse.jar:/Library/Java/JavaVirtualMachines/jdk1.8.0_65.jdk/Contents/Home/jre/lib/jce.jar:/Library/Java/JavaVirtualMachines/jdk1.8.0_65.jdk/Contents/Home/jre/lib/charsets.jar:/Library/Java/JavaVirtualMachines/jdk1.8.0_65.jdk/Contents/Home/jre/lib/jfr.jar:/Library/Java/JavaVirtualMachines/jdk1.8.0_65.jdk/Contents/Home/jre/classes"/>
    <property name="sun.management.compiler" value="HotSpot 64-Bit Tiered Compilers"/>
    <property name="ftp.nonProxyHosts" value="local|*.local|169.254/16|*.169.254/16"/>
    <property name="java.runtime.version" value="1.8.0_65-b17"/>
    <property name="user.name" value="Hxshim"/>
    <property name="path.separator" value=":"/>
    <property name="os.version" value="10.13.2"/>
    <property name="java.endorsed.dirs" value="/Library/Java/JavaVirtualMachines/jdk1.8.0_65.jdk/Contents/Home/jre/lib/endorsed"/>
    <property name="java.runtime.name" value="Java(TM) SE Runtime Environment"/>
    <property name="file.encoding" value="UTF-8"/>
    <property name="java.vm.name" value="Java HotSpot(TM) 64-Bit Server VM"/>
    <property name="localRepository" value="/Users/Hxshim/.m2/repository"/>
    <property name="java.vendor.url.bug" value="http://bugreport.sun.com/bugreport/"/>
    <property name="java.io.tmpdir" value="/var/folders/n1/hkk62fz173q78hmg1l_37k_80000gn/T/"/>
    <property name="java.version" value="1.8.0_65"/>
    <property name="user.dir" value="/Users/Hxshim/Repositories/Applications/Deliveroo"/>
    <property name="os.arch" value="x86_64"/>
    <property name="java.vm.specification.name" value="Java Virtual Machine Specification"/>
    <property name="java.awt.printerjob" value="sun.lwawt.macosx.CPrinterJob"/>
    <property name="sun.os.patch.level" value="unknown"/>
    <property name="java.library.path" value="/Users/Hxshim/Library/Java/Extensions:/Library/Java/Extensions:/Network/Library/Java/Extensions:/System/Library/Java/Extensions:/usr/lib/java:."/>
    <property name="java.vm.info" value="mixed mode"/>
    <property name="java.vendor" value="Oracle Corporation"/>
    <property name="java.vm.version" value="25.65-b01"/>
    <property name="java.ext.dirs" value="/Users/Hxshim/Library/Java/Extensions:/Library/Java/JavaVirtualMachines/jdk1.8.0_65.jdk/Contents/Home/jre/lib/ext:/Library/Java/Extensions:/Network/Library/Java/Extensions:/System/Library/Java/Extensions:/usr/lib/java"/>
    <property name="sun.io.unicode.encoding" value="UnicodeBig"/>
    <property name="java.class.version" value="52.0"/>
    <property name="socksNonProxyHosts" value="local|*.local|169.254/16|*.169.254/16"/>
  </properties>
  <testcase name="testParseAnyDayOfWeek" classname="ParserTest" time="0.008"/>
  <testcase name="testParseAnyDayOfMonth" classname="ParserTest" time="0.001"/>
  <testcase name="testParseAllHour" classname="ParserTest" time="0"/>
  <testcase name="testParseAnyHour" classname="ParserTest" time="0.001"/>
  <testcase name="testParseValidHourIncrementAll" classname="ParserTest" time="0.004"/>
  <testcase name="testParseValidMinuteIncrementAll" classname="ParserTest" time="0.001"/>
  <testcase name="testParseAllMonth" classname="ParserTest" time="0.002"/>
  <testcase name="testParseValidDayOfMonthIncrementAll" classname="ParserTest" time="0.001"/>
  <testcase name="testParseEmptyHour" classname="ParserTest" time="0.006"/>
  <testcase name="testParseValidDayOfWeekRange" classname="ParserTest" time="0"/>
  <testcase name="testParseInvalidDayOfMonth" classname="ParserTest" time="0.001"/>
  <testcase name="testParseEmptyDayOfWeek" classname="ParserTest" time="0.001"/>
  <testcase name="testParseValidMinuteRange" classname="ParserTest" time="0.001"/>
  <testcase name="testParseValidDayOfWeekIncrementAll" classname="ParserTest" time="0.001"/>
  <testcase name="testEmptyInputString" classname="ParserTest" time="0.001"/>
  <testcase name="testParseEmptyMinute" classname="ParserTest" time="0.005"/>
  <testcase name="testParseAllDayOfMonth" classname="ParserTest" time="0"/>
  <testcase name="testParseAllMinute" classname="ParserTest" time="0"/>
  <testcase name="testParseValidMonthLast" classname="ParserTest" time="0.013"/>
  <testcase name="testParseAllDayOfWeek" classname="ParserTest" time="0.002"/>
  <testcase name="testParseValidDayOfMonthLast" classname="ParserTest" time="0"/>
  <testcase name="testParseValidSingleMonth" classname="ParserTest" time="0.002"/>
  <testcase name="testParseInvalidMinute" classname="ParserTest" time="0.002"/>
  <testcase name="testParseInvalidMonth" classname="ParserTest" time="0"/>
  <testcase name="testParseValidMonthIncrementAll" classname="ParserTest" time="0"/>
  <testcase name="testParseValidHourLast" classname="ParserTest" time="0"/>
  <testcase name="testParseValidMonthIncrement" classname="ParserTest" time="0"/>
  <testcase name="testParseValidDayOfWeekLast" classname="ParserTest" time="0"/>
  <testcase name="testParseValidSingleHour" classname="ParserTest" time="0.001"/>
  <testcase name="testParseValidMinuteIncrement" classname="ParserTest" time="0.001"/>
  <testcase name="testParseValidSingleDayOfMonth" classname="ParserTest" time="0.001"/>
  <testcase name="testParseAnyMonth" classname="ParserTest" time="0"/>
  <testcase name="testValidInputString" classname="ParserTest" time="0.006"/>
  <testcase name="testParseValidSingleDayOfWeek" classname="ParserTest" time="0"/>
  <testcase name="testParseValidMinuteLast" classname="ParserTest" time="0"/>
  <testcase name="testInvalidInputString" classname="ParserTest" time="0"/>
  <testcase name="testParseValidDayOfWeekIncrement" classname="ParserTest" time="0.001"/>
  <testcase name="testParseValidDayOfMonthRange" classname="ParserTest" time="0.001"/>
  <testcase name="testParseAnyMinute" classname="ParserTest" time="0.001"/>
  <testcase name="testParseInvalidHour" classname="ParserTest" time="0.001"/>
  <testcase name="testParseValidSingleMinute" classname="ParserTest" time="0"/>
  <testcase name="testParseValidHourRange" classname="ParserTest" time="0"/>
  <testcase name="testParseValidDayOfMonthIncrement" classname="ParserTest" time="0.001"/>
  <testcase name="testParseEmptyDayOfMonth" classname="ParserTest" time="0.002"/>
  <testcase name="testParseValidMonthRange" classname="ParserTest" time="0"/>
  <testcase name="testParseInvalidDayOfWeek" classname="ParserTest" time="0.001"/>
  <testcase name="testParseEmptyMonth" classname="ParserTest" time="0.001"/>
  <testcase name="testParseValidHourIncrement" classname="ParserTest" time="0.001"/>
</testsuite>